<?xml version="1.0" encoding="UTF-8"?>
<!-- Generated by org.testng.reporters.JUnitReportReporter -->
<testsuite hostname="Parmeshwar-QA" name="com.Airpay.Tests.TC_ID_004_Reports_TestCase_Test" tests="2" failures="0" timestamp="23 May 2019 09:27:21 GMT" time="966.310" errors="0">
  <testcase name="setup" time="0.003" classname="com.Airpay.Tests.TC_ID_004_Reports_TestCase_Test"/>
  <testcase name="PermissionResult" time="966.307" classname="com.Airpay.Tests.TC_ID_004_Reports_TestCase_Test"/>
</testsuite> <!-- com.Airpay.Tests.TC_ID_004_Reports_TestCase_Test -->
