<?xml version="1.0" encoding="UTF-8"?>
<!-- Generated by org.testng.reporters.JUnitReportReporter -->
<testsuite hostname="Parmeshwar-QA" name="com.Airpay.Utilities.Create_TestNGXML" tests="1" failures="0" timestamp="12 Apr 2019 11:23:24 GMT" time="100.079" errors="0">
  <testcase name="createXMLfile" time="100.079" classname="com.Airpay.Utilities.Create_TestNGXML"/>
</testsuite> <!-- com.Airpay.Utilities.Create_TestNGXML -->
