<?xml version="1.0" encoding="UTF-8"?>
<!-- Generated by org.testng.reporters.JUnitReportReporter -->
<testsuite hostname="Parmeshwar-QA" name="com.Airpay.Utilities.Create_TestNGXML" tests="1" failures="0" timestamp="25 Apr 2019 04:48:47 GMT" time="42567.402" errors="0">
  <testcase name="createXMLfile" time="42567.402" classname="com.Airpay.Utilities.Create_TestNGXML"/>
</testsuite> <!-- com.Airpay.Utilities.Create_TestNGXML -->
