<?xml version="1.0" encoding="UTF-8"?>
<!-- Generated by org.testng.reporters.JUnitReportReporter -->
<testsuite hostname="Parmeshwar-QA" name="com.Airpay.Tests.TC_ID_015_Advance_Search" tests="2" failures="0" timestamp="23 Apr 2019 11:43:10 GMT" time="33.121" errors="0">
  <testcase name="setup" time="0.001" classname="com.Airpay.Tests.TC_ID_015_Advance_Search"/>
  <testcase name="PermissionResult" time="33.120" classname="com.Airpay.Tests.TC_ID_015_Advance_Search"/>
</testsuite> <!-- com.Airpay.Tests.TC_ID_015_Advance_Search -->
