<?xml version="1.0" encoding="UTF-8"?>
<!-- Generated by org.testng.reporters.JUnitReportReporter -->
<testsuite hostname="Parmeshwar-QA" name="com.Airpay.Tests.TC_ID_007_Bulk_Processing_TestCase" tests="2" failures="0" timestamp="12 Apr 2019 11:23:24 GMT" time="82.431" errors="0">
  <testcase name="setup" time="0.003" classname="com.Airpay.Tests.TC_ID_007_Bulk_Processing_TestCase"/>
  <testcase name="PermissionResult" time="82.428" classname="com.Airpay.Tests.TC_ID_007_Bulk_Processing_TestCase"/>
</testsuite> <!-- com.Airpay.Tests.TC_ID_007_Bulk_Processing_TestCase -->
