<?xml version="1.0" encoding="UTF-8"?>
<!-- Generated by org.testng.reporters.JUnitReportReporter -->
<testsuite hostname="Parmeshwar-QA" name="com.Airpay.Tests.TC_ID_004_Reports_TestCase_Test" tests="2" failures="0" timestamp="20 Apr 2019 11:33:58 GMT" time="268.280" errors="0">
  <testcase name="setup" time="0.004" classname="com.Airpay.Tests.TC_ID_004_Reports_TestCase_Test"/>
  <testcase name="PermissionResult" time="268.276" classname="com.Airpay.Tests.TC_ID_004_Reports_TestCase_Test"/>
</testsuite> <!-- com.Airpay.Tests.TC_ID_004_Reports_TestCase_Test -->
