<?xml version="1.0" encoding="UTF-8"?>
<!-- Generated by org.testng.reporters.JUnitReportReporter -->
<testsuite hostname="Parmeshwar-QA" name="com.Airpay.Utilities.Create_TestNGXML" tests="1" failures="0" timestamp="23 May 2019 08:18:29 GMT" time="265.192" errors="0">
  <testcase name="createXMLfile" time="265.192" classname="com.Airpay.Utilities.Create_TestNGXML"/>
</testsuite> <!-- com.Airpay.Utilities.Create_TestNGXML -->
