<?xml version="1.0" encoding="UTF-8"?>
<!-- Generated by org.testng.reporters.JUnitReportReporter -->
<testsuite hostname="Parmeshwar-QA" name="com.Airpay.Tests.TC_ID_002_Searchinner" tests="2" failures="0" timestamp="18 Apr 2019 10:00:40 GMT" time="185.998" errors="0">
  <testcase name="PermissionResult" time="185.997" classname="com.Airpay.Tests.TC_ID_002_Searchinner"/>
  <testcase name="setup" time="0.001" classname="com.Airpay.Tests.TC_ID_002_Searchinner"/>
</testsuite> <!-- com.Airpay.Tests.TC_ID_002_Searchinner -->
