<?xml version="1.0" encoding="UTF-8"?>
<!-- Generated by org.testng.reporters.JUnitReportReporter -->
<testsuite hostname="Parmeshwar-QA" name="com.Airpay.Utilities.Create_TestNGXML" tests="1" failures="0" timestamp="13 Feb 2019 11:11:28 GMT" time="77.607" errors="0">
  <testcase name="createXMLfile" time="77.607" classname="com.Airpay.Utilities.Create_TestNGXML"/>
</testsuite> <!-- com.Airpay.Utilities.Create_TestNGXML -->
