<?xml version="1.0" encoding="UTF-8"?>
<!-- Generated by org.testng.reporters.JUnitReportReporter -->
<testsuite hostname="Parmeshwar-QA" name="com.Airpay.Tests.TC_ID_015_Advance_Search" tests="2" failures="0" timestamp="23 Apr 2019 11:23:52 GMT" time="32.665" errors="0">
  <testcase name="PermissionResult" time="32.665" classname="com.Airpay.Tests.TC_ID_015_Advance_Search"/>
  <testcase name="setup" time="0.000" classname="com.Airpay.Tests.TC_ID_015_Advance_Search"/>
</testsuite> <!-- com.Airpay.Tests.TC_ID_015_Advance_Search -->
