<?xml version="1.0" encoding="UTF-8"?>
<!-- Generated by org.testng.reporters.JUnitReportReporter -->
<testsuite hostname="Parmeshwar-QA" name="com.Airpay.Tests.TC_ID_002_Searchinner_Test" tests="2" failures="0" timestamp="18 Apr 2019 10:07:21 GMT" time="163.817" errors="0">
  <testcase name="PermissionResult" time="163.816" classname="com.Airpay.Tests.TC_ID_002_Searchinner_Test"/>
  <testcase name="setup" time="0.001" classname="com.Airpay.Tests.TC_ID_002_Searchinner_Test"/>
</testsuite> <!-- com.Airpay.Tests.TC_ID_002_Searchinner_Test -->
