<?xml version="1.0" encoding="UTF-8"?>
<!-- Generated by org.testng.reporters.JUnitReportReporter -->
<testsuite hostname="Parmeshwar-QA" name="com.Airpay.Tests.TC_ID_016_AdvanceSearch_Validations" tests="1" failures="0" timestamp="23 Apr 2019 11:43:16 GMT" time="0.157" errors="0">
  <testcase name="PermissionResult" time="0.157" classname="com.Airpay.Tests.TC_ID_016_AdvanceSearch_Validations"/>
</testsuite> <!-- com.Airpay.Tests.TC_ID_016_AdvanceSearch_Validations -->
