<?xml version="1.0" encoding="UTF-8"?>
<!-- Generated by org.testng.reporters.JUnitReportReporter -->
<testsuite hostname="Parmeshwar-QA" name="com.Airpay.Tests.TC_ID_004_Reports_TestCase_Test" tests="2" failures="0" timestamp="3 May 2019 06:30:16 GMT" time="78.626" errors="0">
  <testcase name="setup" time="0.000" classname="com.Airpay.Tests.TC_ID_004_Reports_TestCase_Test"/>
  <testcase name="PermissionResult" time="78.626" classname="com.Airpay.Tests.TC_ID_004_Reports_TestCase_Test"/>
</testsuite> <!-- com.Airpay.Tests.TC_ID_004_Reports_TestCase_Test -->
