<?xml version="1.0" encoding="UTF-8"?>
<!-- Generated by org.testng.reporters.JUnitReportReporter -->
<testsuite hostname="Parmeshwar-QA" name="com.Airpay.Tests.TC_ID_009_EMI_Test" tests="2" failures="0" timestamp="23 May 2019 07:32:48 GMT" time="81.750" errors="0">
  <testcase name="setup" time="0.001" classname="com.Airpay.Tests.TC_ID_009_EMI_Test"/>
  <testcase name="PermissionResult" time="81.749" classname="com.Airpay.Tests.TC_ID_009_EMI_Test"/>
</testsuite> <!-- com.Airpay.Tests.TC_ID_009_EMI_Test -->
