<?xml version="1.0" encoding="UTF-8"?>
<!-- Generated by org.testng.reporters.JUnitReportReporter -->
<testsuite hostname="Parmeshwar-QA" name="com.Airpay.Tests.TC_ID_001_DashBoardVerify_Test" tests="2" failures="0" timestamp="18 Apr 2019 10:08:19 GMT" time="48.776" errors="0">
  <testcase name="PermissionResult" time="48.776" classname="com.Airpay.Tests.TC_ID_001_DashBoardVerify_Test"/>
  <testcase name="setup" time="0.000" classname="com.Airpay.Tests.TC_ID_001_DashBoardVerify_Test"/>
</testsuite> <!-- com.Airpay.Tests.TC_ID_001_DashBoardVerify_Test -->
